<html>
<body>
<pre>
<h1>Vision Build Log</h1>
<h2>Project:</h2>
F:\Program Files\keil4_code\单片机实验作业\1.5 查询按键-2矩阵按键\w.uvproj
Project File Date:  11/14/2016

<h2>Output:</h2>
compiling main.c...
MAIN.C(18): error C129: missing ';' before 'key'
main.c - 1 Error(s), 0 Warning(s).
compiling main.c...
MAIN.C(83): warning C206: 'delay_ms': missing function-prototype
MAIN.C(83): error C267: 'delay_ms': requires ANSI-style prototype
main.c - 1 Error(s), 1 Warning(s).
compiling main.c...
main.c - 0 Error(s), 0 Warning(s).
Build target 'Target 1'
compiling delay.c...
linking...
Program Size: data=17.0 xdata=0 code=490
creating hex file from "w"...
"w" - 0 Error(s), 0 Warning(s).
compiling delay.c...
delay.c - 0 Error(s), 0 Warning(s).
Build target 'Target 1'
compiling main.c...
linking...
Program Size: data=17.0 xdata=0 code=540
creating hex file from "w"...
"w" - 0 Error(s), 0 Warning(s).
compiling main.c...
main.c - 0 Error(s), 0 Warning(s).
Build target 'Target 1'
linking...
Program Size: data=17.0 xdata=0 code=510
creating hex file from "w"...
"w" - 0 Error(s), 0 Warning(s).
compiling main.c...
main.c - 0 Error(s), 0 Warning(s).
Build target 'Target 1'
linking...
*** WARNING L16: UNCALLED SEGMENT, IGNORED FOR OVERLAY PROCESS
    SEGMENT: ?PR?_POP?MAIN
Program Size: data=18.0 xdata=0 code=562
creating hex file from "w"...
"w" - 0 Error(s), 1 Warning(s).
compiling main.c...
main.c - 0 Error(s), 0 Warning(s).
Build target 'Target 1'
compiling delay.c...
linking...
Program Size: data=17.0 xdata=0 code=525
creating hex file from "w"...
"w" - 0 Error(s), 0 Warning(s).
compiling main.c...
main.c - 0 Error(s), 0 Warning(s).
Build target 'Target 1'
linking...
Program Size: data=17.0 xdata=0 code=525
creating hex file from "w"...
"w" - 0 Error(s), 0 Warning(s).
